# JRE version: OpenJDK Runtime Environment Temurin-17.0.7+7 (17.0.7+7) (build 17.0.7+7)
# Java VM: OpenJDK 64-Bit Server VM Temurin-17.0.7+7 (17.0.7+7, mixed mode, sharing, tiered, compressed oops, compressed class ptrs, g1 gc, windows-amd64)
GC Precious Log:
 CPUs: 12 total, 12 available
 Memory: 32581M
 Large Page Support: Disabled
 NUMA Support: Disabled
 Compressed Oops: Enabled (Zero based)
 Heap Region Size: 2M
 Heap Min Capacity: 512M
 Heap Initial Capacity: 512M
 Heap Max Capacity: 4072M
 Pre-touch: Disabled
 Parallel Workers: 10
 Concurrent Workers: 3
 Concurrent Refinement Workers: 10
 Periodic GC: Disabled
 String Deduplication is enabled
Heap:
 garbage-first heap   total 524288K, used 171278K [0x0000000701800000, 0x0000000800000000)
  region size 2048K, 23 young (47104K), 1 survivors (2048K)
 Metaspace       used 84446K, committed 85120K, reserved 1179648K
  class space    used 11604K, committed 11904K, reserved 1048576K
GC Heap History (20 events):
Event: 1437.841 GC heap before
{Heap before GC invocations=71 (full 25):
 garbage-first heap   total 524288K, used 207675K [0x0000000701800000, 0x0000000800000000)
  region size 2048K, 41 young (83968K), 1 survivors (2048K)
 Metaspace       used 84104K, committed 84736K, reserved 1179648K
  class space    used 11598K, committed 11904K, reserved 1048576K
}
Event: 1437.843 GC heap after
{Heap after GC invocations=72 (full 25):
 garbage-first heap   total 524288K, used 127185K [0x0000000701800000, 0x0000000800000000)
  region size 2048K, 1 young (2048K), 1 survivors (2048K)
 Metaspace       used 84104K, committed 84736K, reserved 1179648K
  class space    used 11598K, committed 11904K, reserved 1048576K
}
Event: 1440.429 GC heap before
{Heap before GC invocations=72 (full 25):
 garbage-first heap   total 524288K, used 207057K [0x0000000701800000, 0x0000000800000000)
  region size 2048K, 40 young (81920K), 1 survivors (2048K)
 Metaspace       used 84166K, committed 84864K, reserved 1179648K
  class space    used 11598K, committed 11904K, reserved 1048576K
}
Event: 1440.431 GC heap after
{Heap after GC invocations=73 (full 25):
 garbage-first heap   total 524288K, used 127714K [0x0000000701800000, 0x0000000800000000)
  region size 2048K, 1 young (2048K), 1 survivors (2048K)
 Metaspace       used 84166K, committed 84864K, reserved 1179648K
  class space    used 11598K, committed 11904K, reserved 1048576K
}
Event: 1577.309 GC heap before
{Heap before GC invocations=73 (full 25):
 garbage-first heap   total 524288K, used 207586K [0x0000000701800000, 0x0000000800000000)
  region size 2048K, 40 young (81920K), 1 survivors (2048K)
 Metaspace       used 84191K, committed 84864K, reserved 1179648K
  class space    used 11598K, committed 11904K, reserved 1048576K
}
Event: 1577.316 GC heap after
{Heap after GC invocations=74 (full 25):
 garbage-first heap   total 524288K, used 127825K [0x0000000701800000, 0x0000000800000000)
  region size 2048K, 1 young (2048K), 1 survivors (2048K)
 Metaspace       used 84191K, committed 84864K, reserved 1179648K
  class space    used 11598K, committed 11904K, reserved 1048576K
}
Event: 1657.308 GC heap before
{Heap before GC invocations=74 (full 25):
 garbage-first heap   total 524288K, used 207697K [0x0000000701800000, 0x0000000800000000)
  region size 2048K, 40 young (81920K), 1 survivors (2048K)
 Metaspace       used 84254K, committed 84864K, reserved 1179648K
  class space    used 11598K, committed 11904K, reserved 1048576K
}
Event: 1657.310 GC heap after
{Heap after GC invocations=75 (full 25):
 garbage-first heap   total 524288K, used 127810K [0x0000000701800000, 0x0000000800000000)
  region size 2048K, 1 young (2048K), 1 survivors (2048K)
 Metaspace       used 84254K, committed 84864K, reserved 1179648K
  class space    used 11598K, committed 11904K, reserved 1048576K
}
Event: 1664.766 GC heap before
{Heap before GC invocations=75 (full 25):
 garbage-first heap   total 524288K, used 207682K [0x0000000701800000, 0x0000000800000000)
  region size 2048K, 40 young (81920K), 1 survivors (2048K)
 Metaspace       used 84316K, committed 84928K, reserved 1179648K
  class space    used 11598K, committed 11904K, reserved 1048576K
}
Event: 1664.768 GC heap after
{Heap after GC invocations=76 (full 25):
 garbage-first heap   total 524288K, used 128245K [0x0000000701800000, 0x0000000800000000)
  region size 2048K, 1 young (2048K), 1 survivors (2048K)
 Metaspace       used 84316K, committed 84928K, reserved 1179648K
  class space    used 11598K, committed 11904K, reserved 1048576K
}
Event: 1671.044 GC heap before
{Heap before GC invocations=76 (full 25):
 garbage-first heap   total 524288K, used 208117K [0x0000000701800000, 0x0000000800000000)
  region size 2048K, 40 young (81920K), 1 survivors (2048K)
 Metaspace       used 84329K, committed 84928K, reserved 1179648K
  class space    used 11599K, committed 11904K, reserved 1048576K
}
Event: 1671.048 GC heap after
{Heap after GC invocations=77 (full 25):
 garbage-first heap   total 524288K, used 128269K [0x0000000701800000, 0x0000000800000000)
  region size 2048K, 1 young (2048K), 1 survivors (2048K)
 Metaspace       used 84329K, committed 84928K, reserved 1179648K
  class space    used 11599K, committed 11904K, reserved 1048576K
}
Event: 1671.797 GC heap before
{Heap before GC invocations=77 (full 25):
 garbage-first heap   total 524288K, used 156941K [0x0000000701800000, 0x0000000800000000)
  region size 2048K, 16 young (32768K), 1 survivors (2048K)
 Metaspace       used 84337K, committed 84928K, reserved 1179648K
  class space    used 11599K, committed 11904K, reserved 1048576K
}
Event: 1671.800 GC heap after
{Heap after GC invocations=78 (full 25):
 garbage-first heap   total 524288K, used 128912K [0x0000000701800000, 0x0000000800000000)
  region size 2048K, 2 young (4096K), 2 survivors (4096K)
 Metaspace       used 84337K, committed 84928K, reserved 1179648K
  class space    used 11599K, committed 11904K, reserved 1048576K
}
Event: 1674.348 GC heap before
{Heap before GC invocations=78 (full 25):
 garbage-first heap   total 524288K, used 155536K [0x0000000701800000, 0x0000000800000000)
  region size 2048K, 16 young (32768K), 2 survivors (4096K)
 Metaspace       used 84353K, committed 85056K, reserved 1179648K
  class space    used 11599K, committed 11904K, reserved 1048576K
}
Event: 1674.397 GC heap after
{Heap after GC invocations=79 (full 26):
 garbage-first heap   total 524288K, used 127247K [0x0000000701800000, 0x0000000800000000)
  region size 2048K, 0 young (0K), 0 survivors (0K)
 Metaspace       used 84353K, committed 85056K, reserved 1179648K
  class space    used 11599K, committed 11904K, reserved 1048576K
}
Event: 1674.604 GC heap before
{Heap before GC invocations=79 (full 26):
 garbage-first heap   total 524288K, used 147727K [0x0000000701800000, 0x0000000800000000)
  region size 2048K, 11 young (22528K), 0 survivors (0K)
 Metaspace       used 84356K, committed 85056K, reserved 1179648K
  class space    used 11599K, committed 11904K, reserved 1048576K
}
Event: 1674.606 GC heap after
{Heap after GC invocations=80 (full 26):
 garbage-first heap   total 524288K, used 128729K [0x0000000701800000, 0x0000000800000000)
  region size 2048K, 1 young (2048K), 1 survivors (2048K)
 Metaspace       used 84356K, committed 85056K, reserved 1179648K
  class space    used 11599K, committed 11904K, reserved 1048576K
}
Event: 1678.762 GC heap before
{Heap before GC invocations=80 (full 26):
 garbage-first heap   total 524288K, used 208601K [0x0000000701800000, 0x0000000800000000)
  region size 2048K, 40 young (81920K), 1 survivors (2048K)
 Metaspace       used 84379K, committed 85056K, reserved 1179648K
  class space    used 11599K, committed 11904K, reserved 1048576K
}
Event: 1678.764 GC heap after
{Heap after GC invocations=81 (full 26):
 garbage-first heap   total 524288K, used 128270K [0x0000000701800000, 0x0000000800000000)
  region size 2048K, 1 young (2048K), 1 survivors (2048K)
 Metaspace       used 84379K, committed 85056K, reserved 1179648K
  class space    used 11599K, committed 11904K, reserved 1048576K
}

