# JRE version: OpenJDK Runtime Environment Temurin-17.0.7+7 (17.0.7+7) (build 17.0.7+7)
# Java VM: OpenJDK 64-Bit Server VM Temurin-17.0.7+7 (17.0.7+7, mixed mode, sharing, tiered, compressed oops, compressed class ptrs, g1 gc, windows-amd64)
GC Precious Log:
 CPUs: 12 total, 12 available
 Memory: 32581M
 Large Page Support: Disabled
 NUMA Support: Disabled
 Compressed Oops: Enabled (Zero based)
 Heap Region Size: 2M
 Heap Min Capacity: 512M
 Heap Initial Capacity: 512M
 Heap Max Capacity: 4072M
 Pre-touch: Disabled
 Parallel Workers: 10
 Concurrent Workers: 3
 Concurrent Refinement Workers: 10
 Periodic GC: Disabled
 String Deduplication is enabled
Heap:
 garbage-first heap   total 524288K, used 166375K [0x0000000701800000, 0x0000000800000000)
  region size 2048K, 20 young (40960K), 1 survivors (2048K)
 Metaspace       used 88677K, committed 89792K, reserved 1179648K
  class space    used 11652K, committed 12160K, reserved 1048576K
GC Heap History (20 events):
Event: 5049.765 GC heap before
{Heap before GC invocations=557 (full 306):
 garbage-first heap   total 524288K, used 200539K [0x0000000701800000, 0x0000000800000000)
  region size 2048K, 40 young (81920K), 2 survivors (4096K)
 Metaspace       used 88501K, committed 89664K, reserved 1179648K
  class space    used 11657K, committed 12160K, reserved 1048576K
}
Event: 5049.772 GC heap after
{Heap after GC invocations=558 (full 306):
 garbage-first heap   total 524288K, used 122778K [0x0000000701800000, 0x0000000800000000)
  region size 2048K, 2 young (4096K), 2 survivors (4096K)
 Metaspace       used 88501K, committed 89664K, reserved 1179648K
  class space    used 11657K, committed 12160K, reserved 1048576K
}
Event: 5059.925 GC heap before
{Heap before GC invocations=558 (full 306):
 garbage-first heap   total 524288K, used 200602K [0x0000000701800000, 0x0000000800000000)
  region size 2048K, 40 young (81920K), 2 survivors (4096K)
 Metaspace       used 88501K, committed 89664K, reserved 1179648K
  class space    used 11657K, committed 12160K, reserved 1048576K
}
Event: 5059.927 GC heap after
{Heap after GC invocations=559 (full 306):
 garbage-first heap   total 524288K, used 122773K [0x0000000701800000, 0x0000000800000000)
  region size 2048K, 2 young (4096K), 2 survivors (4096K)
 Metaspace       used 88501K, committed 89664K, reserved 1179648K
  class space    used 11657K, committed 12160K, reserved 1048576K
}
Event: 5062.866 GC heap before
{Heap before GC invocations=559 (full 306):
 garbage-first heap   total 524288K, used 200597K [0x0000000701800000, 0x0000000800000000)
  region size 2048K, 40 young (81920K), 2 survivors (4096K)
 Metaspace       used 88561K, committed 89728K, reserved 1179648K
  class space    used 11657K, committed 12160K, reserved 1048576K
}
Event: 5062.870 GC heap after
{Heap after GC invocations=560 (full 306):
 garbage-first heap   total 524288K, used 125236K [0x0000000701800000, 0x0000000800000000)
  region size 2048K, 3 young (6144K), 3 survivors (6144K)
 Metaspace       used 88561K, committed 89728K, reserved 1179648K
  class space    used 11657K, committed 12160K, reserved 1048576K
}
Event: 5063.374 GC heap before
{Heap before GC invocations=560 (full 306):
 garbage-first heap   total 524288K, used 201012K [0x0000000701800000, 0x0000000800000000)
  region size 2048K, 40 young (81920K), 3 survivors (6144K)
 Metaspace       used 88581K, committed 89728K, reserved 1179648K
  class space    used 11657K, committed 12160K, reserved 1048576K
}
Event: 5063.378 GC heap after
{Heap after GC invocations=561 (full 306):
 garbage-first heap   total 524288K, used 127170K [0x0000000701800000, 0x0000000800000000)
  region size 2048K, 4 young (8192K), 4 survivors (8192K)
 Metaspace       used 88581K, committed 89728K, reserved 1179648K
  class space    used 11657K, committed 12160K, reserved 1048576K
}
Event: 5076.951 GC heap before
{Heap before GC invocations=561 (full 306):
 garbage-first heap   total 524288K, used 200898K [0x0000000701800000, 0x0000000800000000)
  region size 2048K, 40 young (81920K), 4 survivors (8192K)
 Metaspace       used 88617K, committed 89792K, reserved 1179648K
  class space    used 11657K, committed 12160K, reserved 1048576K
}
Event: 5076.955 GC heap after
{Heap after GC invocations=562 (full 306):
 garbage-first heap   total 524288K, used 128593K [0x0000000701800000, 0x0000000800000000)
  region size 2048K, 4 young (8192K), 4 survivors (8192K)
 Metaspace       used 88617K, committed 89792K, reserved 1179648K
  class space    used 11657K, committed 12160K, reserved 1048576K
}
Event: 5078.343 GC heap before
{Heap before GC invocations=562 (full 306):
 garbage-first heap   total 524288K, used 202321K [0x0000000701800000, 0x0000000800000000)
  region size 2048K, 40 young (81920K), 4 survivors (8192K)
 Metaspace       used 88667K, committed 89792K, reserved 1179648K
  class space    used 11657K, committed 12160K, reserved 1048576K
}
Event: 5078.351 GC heap after
{Heap after GC invocations=563 (full 306):
 garbage-first heap   total 524288K, used 132701K [0x0000000701800000, 0x0000000800000000)
  region size 2048K, 4 young (8192K), 4 survivors (8192K)
 Metaspace       used 88667K, committed 89792K, reserved 1179648K
  class space    used 11657K, committed 12160K, reserved 1048576K
}
Event: 5078.919 GC heap before
{Heap before GC invocations=563 (full 306):
 garbage-first heap   total 524288K, used 198237K [0x0000000701800000, 0x0000000800000000)
  region size 2048K, 27 young (55296K), 4 survivors (8192K)
 Metaspace       used 88687K, committed 89792K, reserved 1179648K
  class space    used 11659K, committed 12160K, reserved 1048576K
}
Event: 5078.925 GC heap after
{Heap after GC invocations=564 (full 306):
 garbage-first heap   total 524288K, used 153659K [0x0000000701800000, 0x0000000800000000)
  region size 2048K, 3 young (6144K), 3 survivors (6144K)
 Metaspace       used 88687K, committed 89792K, reserved 1179648K
  class space    used 11659K, committed 12160K, reserved 1048576K
}
Event: 5080.662 GC heap before
{Heap before GC invocations=564 (full 306):
 garbage-first heap   total 524288K, used 208955K [0x0000000701800000, 0x0000000800000000)
  region size 2048K, 21 young (43008K), 3 survivors (6144K)
 Metaspace       used 88688K, committed 89792K, reserved 1179648K
  class space    used 11659K, committed 12160K, reserved 1048576K
}
Event: 5080.744 GC heap after
{Heap after GC invocations=565 (full 307):
 garbage-first heap   total 524288K, used 127530K [0x0000000701800000, 0x0000000800000000)
  region size 2048K, 0 young (0K), 0 survivors (0K)
 Metaspace       used 88660K, committed 89792K, reserved 1179648K
  class space    used 11652K, committed 12160K, reserved 1048576K
}
Event: 5106.314 GC heap before
{Heap before GC invocations=565 (full 307):
 garbage-first heap   total 524288K, used 209450K [0x0000000701800000, 0x0000000800000000)
  region size 2048K, 40 young (81920K), 0 survivors (0K)
 Metaspace       used 88665K, committed 89792K, reserved 1179648K
  class space    used 11652K, committed 12160K, reserved 1048576K
}
Event: 5106.322 GC heap after
{Heap after GC invocations=566 (full 307):
 garbage-first heap   total 524288K, used 130047K [0x0000000701800000, 0x0000000800000000)
  region size 2048K, 2 young (4096K), 2 survivors (4096K)
 Metaspace       used 88665K, committed 89792K, reserved 1179648K
  class space    used 11652K, committed 12160K, reserved 1048576K
}
Event: 5115.486 GC heap before
{Heap before GC invocations=566 (full 307):
 garbage-first heap   total 524288K, used 207871K [0x0000000701800000, 0x0000000800000000)
  region size 2048K, 40 young (81920K), 2 survivors (4096K)
 Metaspace       used 88670K, committed 89792K, reserved 1179648K
  class space    used 11652K, committed 12160K, reserved 1048576K
}
Event: 5115.488 GC heap after
{Heap after GC invocations=567 (full 307):
 garbage-first heap   total 524288K, used 129511K [0x0000000701800000, 0x0000000800000000)
  region size 2048K, 1 young (2048K), 1 survivors (2048K)
 Metaspace       used 88670K, committed 89792K, reserved 1179648K
  class space    used 11652K, committed 12160K, reserved 1048576K
}

